[31-Jan-2020 01:55:33 Asia/Tokyo] デバッグ：「「「「「「「「「「「「「「「「「「「「「「「「「「「
[31-Jan-2020 01:55:33 Asia/Tokyo] デバッグ：「ログアウトページ
[31-Jan-2020 01:55:33 Asia/Tokyo] デバッグ：「「「「「「「「「「「「「「「「「「「「「「「「「「「
[31-Jan-2020 01:55:33 Asia/Tokyo] デバッグ：>>>>>>>>>>>>>>>>>>>>>>>>>>>>>>>>>>>>>>>>>>>>>>>> 画面表示処理開始
[31-Jan-2020 01:55:33 Asia/Tokyo] デバッグ：セッションID：7ate5ujn677h8rct2o6j1bqis7
[31-Jan-2020 01:55:33 Asia/Tokyo] デバッグ：セッション変数の中身：Array
(
    [login_date] => 1580402678
    [login_limit] => 3600
    [user_id] => 2
    [msg_success] => 
)

[31-Jan-2020 01:55:33 Asia/Tokyo] デバッグ：現在日時タイムスタンプ：1580403333
[31-Jan-2020 01:55:33 Asia/Tokyo] デバッグ：ログイン期限日時タイムスタンプ：1580406278
[31-Jan-2020 01:55:33 Asia/Tokyo] デバッグ：ログアウトします。
[31-Jan-2020 01:55:33 Asia/Tokyo] デバッグ：ログインページへ遷移します。
[31-Jan-2020 01:55:33 Asia/Tokyo] デバッグ：「「「「「「「「「「「「「「「「「「「「「「「「「「「「「「「「「「「「「「「「
[31-Jan-2020 01:55:33 Asia/Tokyo] デバッグ：「　ログインページ　
[31-Jan-2020 01:55:33 Asia/Tokyo] デバッグ：「「「「「「「「「「「「「「「「「「「「「「「「「「「「「「「「「「「「「「「「
[31-Jan-2020 01:55:33 Asia/Tokyo] デバッグ：>>>>>>>>>>>>>>>>>>>>>>>>>>>>>>>>>>>>>>>>>>>>>>>> 画面表示処理開始
[31-Jan-2020 01:55:33 Asia/Tokyo] デバッグ：セッションID：6v3896nkndup7rt60ioeq4ljes
[31-Jan-2020 01:55:33 Asia/Tokyo] デバッグ：セッション変数の中身：Array
(
)

[31-Jan-2020 01:55:33 Asia/Tokyo] デバッグ：現在日時タイムスタンプ：1580403333
[31-Jan-2020 01:55:33 Asia/Tokyo] デバッグ：未ログインユーザーです。
[31-Jan-2020 01:55:33 Asia/Tokyo] デバッグ：画面表示処理終了 <<<<<<<<<<<<<<<<<<<<<<<<<<<<<<<<<<<<<<<<<<<<<<<<
[31-Jan-2020 01:55:35 Asia/Tokyo] デバッグ：「「「「「「「「「「「「「「「「「「「
[31-Jan-2020 01:55:35 Asia/Tokyo] デバッグ：「  ユーザー登録ページ  
[31-Jan-2020 01:55:35 Asia/Tokyo] デバッグ：「「「「「「「「「「「「「「「「「「「
[31-Jan-2020 01:55:35 Asia/Tokyo] デバッグ：>>>>>>>>>>>>>>>>>>>>>>>>>>>>>>>>>>>>>>>>>>>>>>>> 画面表示処理開始
[31-Jan-2020 01:55:35 Asia/Tokyo] デバッグ：セッションID：faqahq8sslnkirhar704qnqqdb
[31-Jan-2020 01:55:35 Asia/Tokyo] デバッグ：セッション変数の中身：Array
(
)

[31-Jan-2020 01:55:35 Asia/Tokyo] デバッグ：現在日時タイムスタンプ：1580403335
[31-Jan-2020 01:56:15 Asia/Tokyo] デバッグ：「「「「「「「「「「「「「「「「「「「
[31-Jan-2020 01:56:15 Asia/Tokyo] デバッグ：「  ユーザー登録ページ  
[31-Jan-2020 01:56:15 Asia/Tokyo] デバッグ：「「「「「「「「「「「「「「「「「「「
[31-Jan-2020 01:56:15 Asia/Tokyo] デバッグ：>>>>>>>>>>>>>>>>>>>>>>>>>>>>>>>>>>>>>>>>>>>>>>>> 画面表示処理開始
[31-Jan-2020 01:56:15 Asia/Tokyo] デバッグ：セッションID：gd2nha6bg9k1dsdgd8v4fgijk0
[31-Jan-2020 01:56:15 Asia/Tokyo] デバッグ：セッション変数の中身：Array
(
)

[31-Jan-2020 01:56:15 Asia/Tokyo] デバッグ：現在日時タイムスタンプ：1580403375
[31-Jan-2020 01:56:17 Asia/Tokyo] デバッグ：「「「「「「「「「「「「「「「「「「「
[31-Jan-2020 01:56:17 Asia/Tokyo] デバッグ：「  ユーザー登録ページ  
[31-Jan-2020 01:56:17 Asia/Tokyo] デバッグ：「「「「「「「「「「「「「「「「「「「
[31-Jan-2020 01:56:17 Asia/Tokyo] デバッグ：>>>>>>>>>>>>>>>>>>>>>>>>>>>>>>>>>>>>>>>>>>>>>>>> 画面表示処理開始
[31-Jan-2020 01:56:17 Asia/Tokyo] デバッグ：セッションID：fasj4adlv5r7p8ahol2ml9okln
[31-Jan-2020 01:56:17 Asia/Tokyo] デバッグ：セッション変数の中身：Array
(
)

[31-Jan-2020 01:56:17 Asia/Tokyo] デバッグ：現在日時タイムスタンプ：1580403377
[31-Jan-2020 01:58:08 Asia/Tokyo] デバッグ：「「「「「「「「「「「「「「「「「「「「「「「「「「「「「「「「「「「「「「「「
[31-Jan-2020 01:58:08 Asia/Tokyo] デバッグ：「　ログインページ　
[31-Jan-2020 01:58:08 Asia/Tokyo] デバッグ：「「「「「「「「「「「「「「「「「「「「「「「「「「「「「「「「「「「「「「「「
[31-Jan-2020 01:58:08 Asia/Tokyo] デバッグ：>>>>>>>>>>>>>>>>>>>>>>>>>>>>>>>>>>>>>>>>>>>>>>>> 画面表示処理開始
[31-Jan-2020 01:58:08 Asia/Tokyo] デバッグ：セッションID：tucbnugkpfn9h9u3l854qg5rue
[31-Jan-2020 01:58:08 Asia/Tokyo] デバッグ：セッション変数の中身：Array
(
)

[31-Jan-2020 01:58:08 Asia/Tokyo] デバッグ：現在日時タイムスタンプ：1580403488
[31-Jan-2020 01:58:08 Asia/Tokyo] デバッグ：未ログインユーザーです。
[31-Jan-2020 01:58:08 Asia/Tokyo] デバッグ：画面表示処理終了 <<<<<<<<<<<<<<<<<<<<<<<<<<<<<<<<<<<<<<<<<<<<<<<<
[31-Jan-2020 02:01:07 Asia/Tokyo] デバッグ：「「「「「「「「「「「「「「「「「「「「「「「「「「「「「「「「「「「「「「「「
[31-Jan-2020 02:01:07 Asia/Tokyo] デバッグ：「　ログインページ　
[31-Jan-2020 02:01:07 Asia/Tokyo] デバッグ：「「「「「「「「「「「「「「「「「「「「「「「「「「「「「「「「「「「「「「「「
[31-Jan-2020 02:01:07 Asia/Tokyo] デバッグ：>>>>>>>>>>>>>>>>>>>>>>>>>>>>>>>>>>>>>>>>>>>>>>>> 画面表示処理開始
[31-Jan-2020 02:01:07 Asia/Tokyo] デバッグ：セッションID：uoi1kk052pso3s1q67c9h2v2b7
[31-Jan-2020 02:01:07 Asia/Tokyo] デバッグ：セッション変数の中身：Array
(
)

[31-Jan-2020 02:01:07 Asia/Tokyo] デバッグ：現在日時タイムスタンプ：1580403667
[31-Jan-2020 02:01:07 Asia/Tokyo] デバッグ：未ログインユーザーです。
[31-Jan-2020 02:01:07 Asia/Tokyo] デバッグ：POST送信があります。
[31-Jan-2020 02:01:07 Asia/Tokyo] デバッグ：バリデーションOKです。
[31-Jan-2020 02:01:07 Asia/Tokyo] デバッグ：クエリ成功。
[31-Jan-2020 02:01:07 Asia/Tokyo] デバッグ：クエリ結果の中身：Array
(
    [password] => $2y$10$5hNAd1Qe2ElfP1lY7SqGc.mO6zi7K8H2K2m8is1KOJt4BQXHFrZtC
    [id] => 1
)

[31-Jan-2020 02:01:07 Asia/Tokyo] デバッグ：パスワードがマッチしました。
[31-Jan-2020 02:01:07 Asia/Tokyo] デバッグ：ログイン保持にチェックはありません。
[31-Jan-2020 02:01:07 Asia/Tokyo] デバッグ：セッション変数の中身：Array
(
    [login_date] => 1580403667
    [login_limit] => 3600
    [user_id] => 1
)

[31-Jan-2020 02:01:08 Asia/Tokyo] デバッグ：マイページへ遷移します。
[31-Jan-2020 02:01:08 Asia/Tokyo] デバッグ：画面表示処理終了 <<<<<<<<<<<<<<<<<<<<<<<<<<<<<<<<<<<<<<<<<<<<<<<<
[31-Jan-2020 02:01:08 Asia/Tokyo] デバッグ：「「「「「「「「「「「「「「「「「「「「「「「「「「「「「「「「「「「「「「「「
[31-Jan-2020 02:01:08 Asia/Tokyo] デバッグ：「　マイページ　
[31-Jan-2020 02:01:08 Asia/Tokyo] デバッグ：「「「「「「「「「「「「「「「「「「「「「「「「「「「「「「「「「「「「「「「「
[31-Jan-2020 02:01:08 Asia/Tokyo] デバッグ：>>>>>>>>>>>>>>>>>>>>>>>>>>>>>>>>>>>>>>>>>>>>>>>> 画面表示処理開始
[31-Jan-2020 02:01:08 Asia/Tokyo] デバッグ：セッションID：vgffpj3212i0jumvomkr3pukuq
[31-Jan-2020 02:01:08 Asia/Tokyo] デバッグ：セッション変数の中身：Array
(
    [login_date] => 1580403667
    [login_limit] => 3600
    [user_id] => 1
)

[31-Jan-2020 02:01:08 Asia/Tokyo] デバッグ：現在日時タイムスタンプ：1580403668
[31-Jan-2020 02:01:08 Asia/Tokyo] デバッグ：ログイン期限日時タイムスタンプ：1580407267
[31-Jan-2020 02:01:08 Asia/Tokyo] デバッグ：ログイン済みユーザーです。
[31-Jan-2020 02:01:08 Asia/Tokyo] デバッグ：ログイン有効期限以内です。
[31-Jan-2020 02:01:08 Asia/Tokyo] デバッグ：自分の投稿情報を取得します。
[31-Jan-2020 02:01:08 Asia/Tokyo] デバッグ：ユーザーID：1
[31-Jan-2020 02:01:08 Asia/Tokyo] デバッグ：クエリ成功。
[31-Jan-2020 02:01:08 Asia/Tokyo] デバッグ：自分のお気に入り情報を取得します。
[31-Jan-2020 02:01:08 Asia/Tokyo] デバッグ：ユーザーID：1
[31-Jan-2020 02:01:08 Asia/Tokyo] デバッグ：クエリ成功。
[31-Jan-2020 02:01:08 Asia/Tokyo] デバッグ：取得したお気に入りデータ：Array
(
    [0] => Array
        (
            [memo_id] => 12
            [user_id] => 1
            [delete_flg] => 0
            [create_date] => 2020-01-26 19:49:06
            [update_date] => 2020-01-28 00:29:00
            [m_id] => 12
            [comment] => もふもふのねこさん、かわいいね
            [pic1] => uploads/fac512f030367da6dd410ea57360915dd3aeb27c.jpeg
            [pic2] => 
            [pic3] => 
        )

    [1] => Array
        (
            [memo_id] => 14
            [user_id] => 1
            [delete_flg] => 0
            [create_date] => 2020-01-26 19:49:06
            [update_date] => 2020-01-28 00:33:04
            [m_id] => 14
            [comment] => カフェで出会った美人さん
            [pic1] => uploads/9792dd43fdd3ad07dc211bf471cbb600c814736e.jpeg
            [pic2] => 
            [pic3] => 
        )

    [2] => Array
        (
            [memo_id] => 30
            [user_id] => 1
            [delete_flg] => 0
            [create_date] => 2020-01-26 19:50:10
            [update_date] => 2020-01-28 00:48:59
            [m_id] => 30
            [comment] => ハリネズミカフェで出会ったハリネズミのきなこちゃん
            [pic1] => uploads/f1a52ba53b4a5f9a11843219034bfd454972039a.jpeg
            [pic2] => 
            [pic3] => 
        )

)

[31-Jan-2020 02:01:08 Asia/Tokyo] デバッグ：画面表示処理終了 <<<<<<<<<<<<<<<<<<<<<<<<<<<<<<<<<<<<<<<<<<<<<<<<
[31-Jan-2020 02:01:19 Asia/Tokyo] デバッグ：「「「「「「「「「「「「「「「「「「「「「「「「「「「「「「「「「「「「「「「「
[31-Jan-2020 02:01:19 Asia/Tokyo] デバッグ：「　投稿ページ　
[31-Jan-2020 02:01:19 Asia/Tokyo] デバッグ：「「「「「「「「「「「「「「「「「「「「「「「「「「「「「「「「「「「「「「「「
[31-Jan-2020 02:01:19 Asia/Tokyo] デバッグ：>>>>>>>>>>>>>>>>>>>>>>>>>>>>>>>>>>>>>>>>>>>>>>>> 画面表示処理開始
[31-Jan-2020 02:01:19 Asia/Tokyo] デバッグ：セッションID：l2otmo19gqlkns2vc1qibptih8
[31-Jan-2020 02:01:19 Asia/Tokyo] デバッグ：セッション変数の中身：Array
(
    [login_date] => 1580403668
    [login_limit] => 3600
    [user_id] => 1
)

[31-Jan-2020 02:01:19 Asia/Tokyo] デバッグ：現在日時タイムスタンプ：1580403679
[31-Jan-2020 02:01:19 Asia/Tokyo] デバッグ：ログイン期限日時タイムスタンプ：1580407268
[31-Jan-2020 02:01:19 Asia/Tokyo] デバッグ：ログイン済みユーザーです。
[31-Jan-2020 02:01:19 Asia/Tokyo] デバッグ：ログイン有効期限以内です。
[31-Jan-2020 02:01:19 Asia/Tokyo] デバッグ：画面表示処理終了 <<<<<<<<<<<<<<<<<<<<<<<<<<<<<<<<<<<<<<<<<<<<<<<<
[31-Jan-2020 02:02:06 Asia/Tokyo] デバッグ：「「「「「「「「「「「「「「「「「「「「「「「「「「「「「「「「「「「「「「「「
[31-Jan-2020 02:02:06 Asia/Tokyo] デバッグ：「　マイページ　
[31-Jan-2020 02:02:06 Asia/Tokyo] デバッグ：「「「「「「「「「「「「「「「「「「「「「「「「「「「「「「「「「「「「「「「「
[31-Jan-2020 02:02:06 Asia/Tokyo] デバッグ：>>>>>>>>>>>>>>>>>>>>>>>>>>>>>>>>>>>>>>>>>>>>>>>> 画面表示処理開始
[31-Jan-2020 02:02:06 Asia/Tokyo] デバッグ：セッションID：111njrjbe72l65cdsd5i02gpg1
[31-Jan-2020 02:02:06 Asia/Tokyo] デバッグ：セッション変数の中身：Array
(
    [login_date] => 1580403679
    [login_limit] => 3600
    [user_id] => 1
)

[31-Jan-2020 02:02:06 Asia/Tokyo] デバッグ：現在日時タイムスタンプ：1580403726
[31-Jan-2020 02:02:06 Asia/Tokyo] デバッグ：ログイン期限日時タイムスタンプ：1580407279
[31-Jan-2020 02:02:06 Asia/Tokyo] デバッグ：ログイン済みユーザーです。
[31-Jan-2020 02:02:06 Asia/Tokyo] デバッグ：ログイン有効期限以内です。
[31-Jan-2020 02:02:06 Asia/Tokyo] デバッグ：自分の投稿情報を取得します。
[31-Jan-2020 02:02:06 Asia/Tokyo] デバッグ：ユーザーID：1
[31-Jan-2020 02:02:06 Asia/Tokyo] デバッグ：クエリ成功。
[31-Jan-2020 02:02:06 Asia/Tokyo] デバッグ：自分のお気に入り情報を取得します。
[31-Jan-2020 02:02:06 Asia/Tokyo] デバッグ：ユーザーID：1
[31-Jan-2020 02:02:06 Asia/Tokyo] デバッグ：クエリ成功。
[31-Jan-2020 02:02:06 Asia/Tokyo] デバッグ：取得したお気に入りデータ：Array
(
    [0] => Array
        (
            [memo_id] => 12
            [user_id] => 1
            [delete_flg] => 0
            [create_date] => 2020-01-26 19:49:06
            [update_date] => 2020-01-28 00:29:00
            [m_id] => 12
            [comment] => もふもふのねこさん、かわいいね
            [pic1] => uploads/fac512f030367da6dd410ea57360915dd3aeb27c.jpeg
            [pic2] => 
            [pic3] => 
        )

    [1] => Array
        (
            [memo_id] => 14
            [user_id] => 1
            [delete_flg] => 0
            [create_date] => 2020-01-26 19:49:06
            [update_date] => 2020-01-28 00:33:04
            [m_id] => 14
            [comment] => カフェで出会った美人さん
            [pic1] => uploads/9792dd43fdd3ad07dc211bf471cbb600c814736e.jpeg
            [pic2] => 
            [pic3] => 
        )

    [2] => Array
        (
            [memo_id] => 30
            [user_id] => 1
            [delete_flg] => 0
            [create_date] => 2020-01-26 19:50:10
            [update_date] => 2020-01-28 00:48:59
            [m_id] => 30
            [comment] => ハリネズミカフェで出会ったハリネズミのきなこちゃん
            [pic1] => uploads/f1a52ba53b4a5f9a11843219034bfd454972039a.jpeg
            [pic2] => 
            [pic3] => 
        )

)

[31-Jan-2020 02:02:06 Asia/Tokyo] デバッグ：画面表示処理終了 <<<<<<<<<<<<<<<<<<<<<<<<<<<<<<<<<<<<<<<<<<<<<<<<
[31-Jan-2020 02:05:25 Asia/Tokyo] デバッグ：「「「「「「「「「「「「「「「「「「「「「「「「「「「「「「「「「「「「「「「「
[31-Jan-2020 02:05:25 Asia/Tokyo] デバッグ：「　投稿ページ　
[31-Jan-2020 02:05:25 Asia/Tokyo] デバッグ：「「「「「「「「「「「「「「「「「「「「「「「「「「「「「「「「「「「「「「「「
[31-Jan-2020 02:05:25 Asia/Tokyo] デバッグ：>>>>>>>>>>>>>>>>>>>>>>>>>>>>>>>>>>>>>>>>>>>>>>>> 画面表示処理開始
[31-Jan-2020 02:05:25 Asia/Tokyo] デバッグ：セッションID：n9q1q6mnc9p645qm80346ho0om
[31-Jan-2020 02:05:25 Asia/Tokyo] デバッグ：セッション変数の中身：Array
(
    [login_date] => 1580403726
    [login_limit] => 3600
    [user_id] => 1
)

[31-Jan-2020 02:05:25 Asia/Tokyo] デバッグ：現在日時タイムスタンプ：1580403925
[31-Jan-2020 02:05:25 Asia/Tokyo] デバッグ：ログイン期限日時タイムスタンプ：1580407326
[31-Jan-2020 02:05:25 Asia/Tokyo] デバッグ：ログイン済みユーザーです。
[31-Jan-2020 02:05:25 Asia/Tokyo] デバッグ：ログイン有効期限以内です。
[31-Jan-2020 02:05:25 Asia/Tokyo] デバッグ：メモ情報を取得します。
[31-Jan-2020 02:05:25 Asia/Tokyo] デバッグ：ユーザーID：1
[31-Jan-2020 02:05:25 Asia/Tokyo] デバッグ：メモID：9
[31-Jan-2020 02:05:25 Asia/Tokyo] デバッグ：クエリ成功。
[31-Jan-2020 02:05:25 Asia/Tokyo] デバッグ：画面表示処理終了 <<<<<<<<<<<<<<<<<<<<<<<<<<<<<<<<<<<<<<<<<<<<<<<<
[31-Jan-2020 02:07:41 Asia/Tokyo] デバッグ：「「「「「「「「「「「「「「「「「「「「「「「「「「「「「「「「「「「「「「「「
[31-Jan-2020 02:07:41 Asia/Tokyo] デバッグ：「　トップページ　
[31-Jan-2020 02:07:41 Asia/Tokyo] デバッグ：「「「「「「「「「「「「「「「「「「「「「「「「「「「「「「「「「「「「「「「「
[31-Jan-2020 02:07:41 Asia/Tokyo] デバッグ：>>>>>>>>>>>>>>>>>>>>>>>>>>>>>>>>>>>>>>>>>>>>>>>> 画面表示処理開始
[31-Jan-2020 02:07:41 Asia/Tokyo] デバッグ：セッションID：lhi4stfldpp3ovbd48am85vphu
[31-Jan-2020 02:07:41 Asia/Tokyo] デバッグ：セッション変数の中身：Array
(
    [login_date] => 1580403925
    [login_limit] => 3600
    [user_id] => 1
)

[31-Jan-2020 02:07:41 Asia/Tokyo] デバッグ：現在日時タイムスタンプ：1580404061
[31-Jan-2020 02:07:41 Asia/Tokyo] デバッグ：ログイン期限日時タイムスタンプ：1580407525
[31-Jan-2020 02:07:41 Asia/Tokyo] デバッグ：メモ情報を取得します。
[31-Jan-2020 02:07:41 Asia/Tokyo] デバッグ：クエリ成功。
[31-Jan-2020 02:07:41 Asia/Tokyo] デバッグ：SQL：SELECT * FROM memo WHERE delete_flg = 0 LIMIT 20 OFFSET 0
[31-Jan-2020 02:07:41 Asia/Tokyo] デバッグ：クエリ成功。
[31-Jan-2020 02:07:41 Asia/Tokyo] デバッグ：現在のページ：1
[31-Jan-2020 02:07:41 Asia/Tokyo] デバッグ：画面表示処理終了 <<<<<<<<<<<<<<<<<<<<<<<<<<<<<<<<<<<<<<<<<<<<<<<<
[31-Jan-2020 02:08:10 Asia/Tokyo] デバッグ：「「「「「「「「「「「「「「「「「「「「「「「「「「「「「「「「「「「「「「「「
[31-Jan-2020 02:08:10 Asia/Tokyo] デバッグ：「　アバウトページ　
[31-Jan-2020 02:08:10 Asia/Tokyo] デバッグ：「「「「「「「「「「「「「「「「「「「「「「「「「「「「「「「「「「「「「「「「
[31-Jan-2020 02:08:10 Asia/Tokyo] デバッグ：>>>>>>>>>>>>>>>>>>>>>>>>>>>>>>>>>>>>>>>>>>>>>>>> 画面表示処理開始
[31-Jan-2020 02:08:10 Asia/Tokyo] デバッグ：セッションID：6tdqe9dlegp1fc3ecp8aro1bo1
[31-Jan-2020 02:08:10 Asia/Tokyo] デバッグ：セッション変数の中身：Array
(
    [login_date] => 1580403925
    [login_limit] => 3600
    [user_id] => 1
)

[31-Jan-2020 02:08:10 Asia/Tokyo] デバッグ：現在日時タイムスタンプ：1580404090
[31-Jan-2020 02:08:10 Asia/Tokyo] デバッグ：ログイン期限日時タイムスタンプ：1580407525
[31-Jan-2020 02:08:10 Asia/Tokyo] デバッグ：画面表示処理終了 <<<<<<<<<<<<<<<<<<<<<<<<<<<<<<<<<<<<<<<<<<<<<<<<
[31-Jan-2020 02:09:35 Asia/Tokyo] デバッグ：「「「「「「「「「「「「「「「「「「「「「「「「「「「「「「「「「「「「「「「「
[31-Jan-2020 02:09:35 Asia/Tokyo] デバッグ：「　トップページ　
[31-Jan-2020 02:09:35 Asia/Tokyo] デバッグ：「「「「「「「「「「「「「「「「「「「「「「「「「「「「「「「「「「「「「「「「
[31-Jan-2020 02:09:35 Asia/Tokyo] デバッグ：>>>>>>>>>>>>>>>>>>>>>>>>>>>>>>>>>>>>>>>>>>>>>>>> 画面表示処理開始
[31-Jan-2020 02:09:35 Asia/Tokyo] デバッグ：セッションID：4sned85tl4pk9s5t3u1395dq87
[31-Jan-2020 02:09:35 Asia/Tokyo] デバッグ：セッション変数の中身：Array
(
    [login_date] => 1580403925
    [login_limit] => 3600
    [user_id] => 1
)

[31-Jan-2020 02:09:35 Asia/Tokyo] デバッグ：現在日時タイムスタンプ：1580404175
[31-Jan-2020 02:09:35 Asia/Tokyo] デバッグ：ログイン期限日時タイムスタンプ：1580407525
[31-Jan-2020 02:09:35 Asia/Tokyo] デバッグ：メモ情報を取得します。
[31-Jan-2020 02:09:35 Asia/Tokyo] デバッグ：クエリ成功。
[31-Jan-2020 02:09:35 Asia/Tokyo] デバッグ：SQL：SELECT * FROM memo WHERE delete_flg = 0 LIMIT 20 OFFSET 0
[31-Jan-2020 02:09:35 Asia/Tokyo] デバッグ：クエリ成功。
[31-Jan-2020 02:09:35 Asia/Tokyo] デバッグ：現在のページ：1
[31-Jan-2020 02:09:35 Asia/Tokyo] デバッグ：画面表示処理終了 <<<<<<<<<<<<<<<<<<<<<<<<<<<<<<<<<<<<<<<<<<<<<<<<
[31-Jan-2020 02:23:39 Asia/Tokyo] デバッグ：「「「「「「「「「「「「「「「「「「「「「「「「「「「「「「「「「「「「「「「「
[31-Jan-2020 02:23:39 Asia/Tokyo] デバッグ：「　マイページ　
[31-Jan-2020 02:23:39 Asia/Tokyo] デバッグ：「「「「「「「「「「「「「「「「「「「「「「「「「「「「「「「「「「「「「「「「
[31-Jan-2020 02:23:39 Asia/Tokyo] デバッグ：>>>>>>>>>>>>>>>>>>>>>>>>>>>>>>>>>>>>>>>>>>>>>>>> 画面表示処理開始
[31-Jan-2020 02:23:39 Asia/Tokyo] デバッグ：セッションID：v7kvcae3ncbvvg3od2d2qrp5s3
[31-Jan-2020 02:23:39 Asia/Tokyo] デバッグ：セッション変数の中身：Array
(
    [login_date] => 1580403925
    [login_limit] => 3600
    [user_id] => 1
)

[31-Jan-2020 02:23:39 Asia/Tokyo] デバッグ：現在日時タイムスタンプ：1580405019
[31-Jan-2020 02:23:39 Asia/Tokyo] デバッグ：ログイン期限日時タイムスタンプ：1580407525
[31-Jan-2020 02:23:39 Asia/Tokyo] デバッグ：ログイン済みユーザーです。
[31-Jan-2020 02:23:39 Asia/Tokyo] デバッグ：ログイン有効期限以内です。
[31-Jan-2020 02:23:39 Asia/Tokyo] デバッグ：自分の投稿情報を取得します。
[31-Jan-2020 02:23:39 Asia/Tokyo] デバッグ：ユーザーID：1
[31-Jan-2020 02:23:39 Asia/Tokyo] デバッグ：クエリ成功。
[31-Jan-2020 02:23:39 Asia/Tokyo] デバッグ：自分のお気に入り情報を取得します。
[31-Jan-2020 02:23:39 Asia/Tokyo] デバッグ：ユーザーID：1
[31-Jan-2020 02:23:39 Asia/Tokyo] デバッグ：クエリ成功。
[31-Jan-2020 02:23:39 Asia/Tokyo] デバッグ：取得したお気に入りデータ：Array
(
    [0] => Array
        (
            [memo_id] => 12
            [user_id] => 1
            [delete_flg] => 0
            [create_date] => 2020-01-26 19:49:06
            [update_date] => 2020-01-28 00:29:00
            [m_id] => 12
            [comment] => もふもふのねこさん、かわいいね
            [pic1] => uploads/fac512f030367da6dd410ea57360915dd3aeb27c.jpeg
            [pic2] => 
            [pic3] => 
        )

    [1] => Array
        (
            [memo_id] => 14
            [user_id] => 1
            [delete_flg] => 0
            [create_date] => 2020-01-26 19:49:06
            [update_date] => 2020-01-28 00:33:04
            [m_id] => 14
            [comment] => カフェで出会った美人さん
            [pic1] => uploads/9792dd43fdd3ad07dc211bf471cbb600c814736e.jpeg
            [pic2] => 
            [pic3] => 
        )

    [2] => Array
        (
            [memo_id] => 30
            [user_id] => 1
            [delete_flg] => 0
            [create_date] => 2020-01-26 19:50:10
            [update_date] => 2020-01-28 00:48:59
            [m_id] => 30
            [comment] => ハリネズミカフェで出会ったハリネズミのきなこちゃん
            [pic1] => uploads/f1a52ba53b4a5f9a11843219034bfd454972039a.jpeg
            [pic2] => 
            [pic3] => 
        )

)

[31-Jan-2020 02:23:39 Asia/Tokyo] デバッグ：画面表示処理終了 <<<<<<<<<<<<<<<<<<<<<<<<<<<<<<<<<<<<<<<<<<<<<<<<
[31-Jan-2020 02:27:54 Asia/Tokyo] デバッグ：「「「「「「「「「「「「「「「「「「「「「「「「「「「「「「「「「「「「「「「「
[31-Jan-2020 02:27:54 Asia/Tokyo] デバッグ：「　トップページ　
[31-Jan-2020 02:27:54 Asia/Tokyo] デバッグ：「「「「「「「「「「「「「「「「「「「「「「「「「「「「「「「「「「「「「「「「
[31-Jan-2020 02:27:54 Asia/Tokyo] デバッグ：>>>>>>>>>>>>>>>>>>>>>>>>>>>>>>>>>>>>>>>>>>>>>>>> 画面表示処理開始
[31-Jan-2020 02:27:54 Asia/Tokyo] デバッグ：セッションID：00oq9t43vhcua47t5af4bq0rom
[31-Jan-2020 02:27:54 Asia/Tokyo] デバッグ：セッション変数の中身：Array
(
    [login_date] => 1580405019
    [login_limit] => 3600
    [user_id] => 1
)

[31-Jan-2020 02:27:54 Asia/Tokyo] デバッグ：現在日時タイムスタンプ：1580405274
[31-Jan-2020 02:27:54 Asia/Tokyo] デバッグ：ログイン期限日時タイムスタンプ：1580408619
[31-Jan-2020 02:27:54 Asia/Tokyo] デバッグ：メモ情報を取得します。
[31-Jan-2020 02:27:54 Asia/Tokyo] デバッグ：クエリ成功。
[31-Jan-2020 02:27:54 Asia/Tokyo] デバッグ：SQL：SELECT * FROM memo WHERE delete_flg = 0 LIMIT 20 OFFSET 0
[31-Jan-2020 02:27:54 Asia/Tokyo] デバッグ：クエリ成功。
[31-Jan-2020 02:27:54 Asia/Tokyo] デバッグ：現在のページ：1
[31-Jan-2020 02:27:54 Asia/Tokyo] デバッグ：画面表示処理終了 <<<<<<<<<<<<<<<<<<<<<<<<<<<<<<<<<<<<<<<<<<<<<<<<
